2023-05-11T09:45:12+00:00 DEBUG tt4b_product_sync: missing access token for tt4b_product_sync
2023-05-11T09:45:12+00:00 DEBUG tt4b_product_sync: missing access token for tt4b_product_sync
2023-05-11T09:45:12+00:00 DEBUG tt4b_product_sync: missing access token for tt4b_product_sync
2023-05-11T09:45:12+00:00 DEBUG tt4b_product_sync: missing access token for tt4b_product_sync
2023-05-11T09:45:40+00:00 DEBUG tt4b_product_sync: missing access token for tt4b_product_sync
2023-05-11T09:47:44+00:00 DEBUG tt4b_product_sync: missing access token for tt4b_product_sync
2023-05-11T09:49:43+00:00 DEBUG tt4b_product_sync: missing access token for tt4b_product_sync
2023-05-11T09:50:04+00:00 DEBUG tt4b_product_sync: missing access token for tt4b_product_sync
2023-05-11T09:55:11+00:00 DEBUG Tt4b_Pixel_Class::inject_add_to_cart_event: hit injectAddToCartEvent
2023-05-11T09:55:11+00:00 DEBUG Tt4b_Pixel_Class::inject_add_to_cart_event: Missing option "access_token"
2023-05-11T09:55:20+00:00 DEBUG Tt4b_Pixel_Class::inject_start_checkout: hit injectStartCheckout
2023-05-11T09:55:20+00:00 DEBUG Tt4b_Pixel_Class::inject_start_checkout: Missing option "access_token"
2023-05-11T09:58:25+00:00 DEBUG Tt4b_Pixel_Class::inject_view_content_event: hit injectViewContentEvent
2023-05-11T09:58:25+00:00 DEBUG Tt4b_Pixel_Class::inject_view_content_event: Missing option "access_token"
2023-05-11T09:58:48+00:00 DEBUG Tt4b_Pixel_Class::inject_add_to_cart_event: hit injectAddToCartEvent
2023-05-11T09:58:48+00:00 DEBUG Tt4b_Pixel_Class::inject_add_to_cart_event: Missing option "access_token"
2023-05-11T09:58:48+00:00 DEBUG Tt4b_Pixel_Class::inject_view_content_event: hit injectViewContentEvent
2023-05-11T09:58:48+00:00 DEBUG Tt4b_Pixel_Class::inject_view_content_event: Missing option "access_token"
2023-05-11T09:58:59+00:00 DEBUG Tt4b_Pixel_Class::inject_start_checkout: hit injectStartCheckout
2023-05-11T09:58:59+00:00 DEBUG Tt4b_Pixel_Class::inject_start_checkout: Missing option "access_token"
2023-05-11T10:55:09+00:00 DEBUG Tt4b_Pixel_Class::inject_start_checkout: hit injectStartCheckout
2023-05-11T10:55:09+00:00 DEBUG Tt4b_Pixel_Class::inject_start_checkout: Missing option "access_token"
